{"meta": {"format": 3, "version": "7.13.5", "timestamp": "2026-04-01T13:21:54.610176", "branch_coverage": false, "show_contexts": false}, "files": {"src\\root_rag\\__init__.py": {"executed_lines": [], "summary": {"covered_lines": 0, "num_statements": 0, "percent_covered": 100.0, "percent_covered_display": "100", "missing_lines": 0, "excluded_lines": 0, "percent_statements_covered": 100.0, "percent_statements_covered_display": "100"}, "missing_lines": [], "excluded_lines": [], "functions": {"": {"executed_lines": [], "summary": {"covered_lines": 0, "num_statements": 0, "percent_covered": 100.0, "percent_covered_display": "100", "missing_lines": 0, "excluded_lines": 0, "percent_statements_covered": 100.0, "percent_statements_covered_display": "100"}, "missing_lines": [], "excluded_lines": [], "start_line": 1}}, "classes": {"": {"executed_lines": [], "summary": {"covered_lines": 0, "num_statements": 0, "percent_covered": 100.0, "percent_covered_display": "100", "missing_lines": 0, "excluded_lines": 0, "percent_statements_covered": 100.0, "percent_statements_covered_display": "100"}, "missing_lines": [], "excluded_lines": [], "start_line": 1}}}, "src\\root_rag\\cli.py": {"executed_lines": [2, 3, 4, 5, 7, 9, 10, 11, 12, 13, 14, 17, 21, 24, 25, 27, 30, 31, 36, 41, 47, 52, 65, 66, 73, 74, 75, 76, 77, 79, 83, 88, 89, 94, 99, 105, 111, 117, 123, 129, 134, 166, 167, 179, 183, 185, 186, 192, 195, 196, 197, 199, 201, 209, 218, 219, 220, 221, 222, 223, 225, 226, 227, 228, 229, 230, 232, 237, 239, 240, 241, 243, 244, 245, 246, 247, 250, 251, 252, 257, 262, 268, 274, 280, 285, 310, 313, 315, 316, 321, 324, 325, 329, 332, 339, 340, 341, 344, 345, 360, 363, 364, 368, 370, 371, 373, 374, 376, 377, 378, 380, 388, 389, 390, 395, 400, 406, 412, 474, 475, 476, 481, 486, 492, 551, 552, 558, 612], "summary": {"covered_lines": 128, "num_statements": 237, "percent_covered": 54.0084388185654, "percent_covered_display": "54", "missing_lines": 109, "excluded_lines": 0, "percent_statements_covered": 54.0084388185654, "percent_statements_covered_display": "54"}, "missing_lines": [80, 81, 84, 85, 168, 169, 170, 171, 172, 173, 174, 176, 180, 181, 210, 211, 212, 213, 215, 311, 326, 327, 369, 381, 382, 383, 384, 385, 428, 430, 437, 438, 439, 440, 443, 449, 450, 451, 452, 455, 456, 458, 459, 460, 461, 463, 465, 466, 467, 468, 469, 470, 471, 507, 509, 516, 517, 518, 519, 522, 528, 529, 530, 533, 534, 536, 537, 539, 540, 542, 543, 544, 545, 546, 547, 548, 566, 568, 569, 570, 573, 574, 575, 576, 577, 578, 579, 581, 582, 583, 586, 587, 588, 589, 590, 592, 593, 595, 596, 597, 598, 599, 600, 601, 602, 603, 604, 606, 613], "excluded_lines": [], "functions": {"main": {"executed_lines": [27], "summary": {"covered_lines": 1, "num_statements": 1, "percent_covered": 100.0, "percent_covered_display": "100", "missing_lines": 0, "excluded_lines": 0, "percent_statements_covered": 100.0, "percent_statements_covered_display": "100"}, "missing_lines": [], "excluded_lines": [], "start_line": 25}, "fetch": {"executed_lines": [65, 66, 73, 74, 75, 76, 77, 79, 83], "summary": {"covered_lines": 9, "num_statements": 13, "percent_covered": 69.23076923076923, "percent_covered_display": "69", "missing_lines": 4, "excluded_lines": 0, "percent_statements_covered": 69.23076923076923, "percent_statements_covered_display": "69"}, "missing_lines": [80, 81, 84, 85], "excluded_lines": [], "start_line": 52}, "index": {"executed_lines": [166, 167, 179, 183, 185, 186, 192, 195, 196, 197, 199, 201, 209, 218, 219, 220, 221, 222, 223, 225, 226, 227, 228, 229, 230, 232, 237, 239, 240, 241, 243, 244, 245, 246, 247], "summary": {"covered_lines": 35, "num_statements": 50, "percent_covered": 70.0, "percent_covered_display": "70", "missing_lines": 15, "excluded_lines": 0, "percent_statements_covered": 70.0, "percent_statements_covered_display": "70"}, "missing_lines": [168, 169, 170, 171, 172, 173, 174, 176, 180, 181, 210, 211, 212, 213, 215], "excluded_lines": [], "start_line": 134}, "search": {"executed_lines": [310, 313, 315, 316, 321, 324, 325, 329, 332, 339, 340, 341, 344, 345, 360, 363, 364, 368, 370, 371, 373, 374, 376, 377, 378, 380], "summary": {"covered_lines": 26, "num_statements": 35, "percent_covered": 74.28571428571429, "percent_covered_display": "74", "missing_lines": 9, "excluded_lines": 0, "percent_statements_covered": 74.28571428571429, "percent_statements_covered_display": "74"}, "missing_lines": [311, 326, 327, 369, 381, 382, 383, 384, 385], "excluded_lines": [], "start_line": 285}, "ask": {"executed_lines": [], "summary": {"covered_lines": 0, "num_statements": 25, "percent_covered": 0.0, "percent_covered_display": "0", "missing_lines": 25, "excluded_lines": 0, "percent_statements_covered": 0.0, "percent_statements_covered_display": "0"}, "missing_lines": [428, 430, 437, 438, 439, 440, 443, 449, 450, 451, 452, 455, 456, 458, 459, 460, 461, 463, 465, 466, 467, 468, 469, 470, 471], "excluded_lines": [], "start_line": 412}, "grep": {"executed_lines": [], "summary": {"covered_lines": 0, "num_statements": 23, "percent_covered": 0.0, "percent_covered_display": "0", "missing_lines": 23, "excluded_lines": 0, "percent_statements_covered": 0.0, "percent_statements_covered_display": "0"}, "missing_lines": [507, 509, 516, 517, 518, 519, 522, 528, 529, 530, 533, 534, 536, 537, 539, 540, 542, 543, 544, 545, 546, 547, 548], "excluded_lines": [], "start_line": 492}, "versions": {"executed_lines": [], "summary": {"covered_lines": 0, "num_statements": 32, "percent_covered": 0.0, "percent_covered_display": "0", "missing_lines": 32, "excluded_lines": 0, "percent_statements_covered": 0.0, "percent_statements_covered_display": "0"}, "missing_lines": [566, 568, 569, 570, 573, 574, 575, 576, 577, 578, 579, 581, 582, 583, 586, 587, 588, 589, 590, 592, 593, 595, 596, 597, 598, 599, 600, 601, 602, 603, 604, 606], "excluded_lines": [], "start_line": 558}, "": {"executed_lines": [2, 3, 4, 5, 7, 9, 10, 11, 12, 13, 14, 17, 21, 24, 25, 30, 31, 36, 41, 47, 52, 88, 89, 94, 99, 105, 111, 117, 123, 129, 134, 250, 251, 252, 257, 262, 268, 274, 280, 285, 388, 389, 390, 395, 400, 406, 412, 474, 475, 476, 481, 486, 492, 551, 552, 558, 612], "summary": {"covered_lines": 57, "num_statements": 58, "percent_covered": 98.27586206896552, "percent_covered_display": "98", "missing_lines": 1, "excluded_lines": 0, "percent_statements_covered": 98.27586206896552, "percent_statements_covered_display": "98"}, "missing_lines": [613], "excluded_lines": [], "start_line": 1}}, "classes": {"": {"executed_lines": [2, 3, 4, 5, 7, 9, 10, 11, 12, 13, 14, 17, 21, 24, 25, 27, 30, 31, 36, 41, 47, 52, 65, 66, 73, 74, 75, 76, 77, 79, 83, 88, 89, 94, 99, 105, 111, 117, 123, 129, 134, 166, 167, 179, 183, 185, 186, 192, 195, 196, 197, 199, 201, 209, 218, 219, 220, 221, 222, 223, 225, 226, 227, 228, 229, 230, 232, 237, 239, 240, 241, 243, 244, 245, 246, 247, 250, 251, 252, 257, 262, 268, 274, 280, 285, 310, 313, 315, 316, 321, 324, 325, 329, 332, 339, 340, 341, 344, 345, 360, 363, 364, 368, 370, 371, 373, 374, 376, 377, 378, 380, 388, 389, 390, 395, 400, 406, 412, 474, 475, 476, 481, 486, 492, 551, 552, 558, 612], "summary": {"covered_lines": 128, "num_statements": 237, "percent_covered": 54.0084388185654, "percent_covered_display": "54", "missing_lines": 109, "excluded_lines": 0, "percent_statements_covered": 54.0084388185654, "percent_statements_covered_display": "54"}, "missing_lines": [80, 81, 84, 85, 168, 169, 170, 171, 172, 173, 174, 176, 180, 181, 210, 211, 212, 213, 215, 311, 326, 327, 369, 381, 382, 383, 384, 385, 428, 430, 437, 438, 439, 440, 443, 449, 450, 451, 452, 455, 456, 458, 459, 460, 461, 463, 465, 466, 467, 468, 469, 470, 471, 507, 509, 516, 517, 518, 519, 522, 528, 529, 530, 533, 534, 536, 537, 539, 540, 542, 543, 544, 545, 546, 547, 548, 566, 568, 569, 570, 573, 574, 575, 576, 577, 578, 579, 581, 582, 583, 586, 587, 588, 589, 590, 592, 593, 595, 596, 597, 598, 599, 600, 601, 602, 603, 604, 606, 613], "excluded_lines": [], "start_line": 1}}}, "src\\root_rag\\core\\__init__.py": {"executed_lines": [], "summary": {"covered_lines": 0, "num_statements": 0, "percent_covered": 100.0, "percent_covered_display": "100", "missing_lines": 0, "excluded_lines": 0, "percent_statements_covered": 100.0, "percent_statements_covered_display": "100"}, "missing_lines": [], "excluded_lines": [], "functions": {"": {"executed_lines": [], "summary": {"covered_lines": 0, "num_statements": 0, "percent_covered": 100.0, "percent_covered_display": "100", "missing_lines": 0, "excluded_lines": 0, "percent_statements_covered": 100.0, "percent_statements_covered_display": "100"}, "missing_lines": [], "excluded_lines": [], "start_line": 1}}, "classes": {"": {"executed_lines": [], "summary": {"covered_lines": 0, "num_statements": 0, "percent_covered": 100.0, "percent_covered_display": "100", "missing_lines": 0, "excluded_lines": 0, "percent_statements_covered": 100.0, "percent_statements_covered_display": "100"}, "missing_lines": [], "excluded_lines": [], "start_line": 1}}}, "src\\root_rag\\core\\errors.py": {"executed_lines": [4, 6, 9, 11, 14, 16, 19, 21, 24, 26, 29, 31, 34, 36, 39, 41, 44, 46], "summary": {"covered_lines": 18, "num_statements": 18, "percent_covered": 100.0, "percent_covered_display": "100", "missing_lines": 0, "excluded_lines": 0, "percent_statements_covered": 100.0, "percent_statements_covered_display": "100"}, "missing_lines": [], "excluded_lines": [], "functions": {"": {"executed_lines": [4, 6, 9, 11, 14, 16, 19, 21, 24, 26, 29, 31, 34, 36, 39, 41, 44, 46], "summary": {"covered_lines": 18, "num_statements": 18, "percent_covered": 100.0, "percent_covered_display": "100", "missing_lines": 0, "excluded_lines": 0, "percent_statements_covered": 100.0, "percent_statements_covered_display": "100"}, "missing_lines": [], "excluded_lines": [], "start_line": 1}}, "classes": {"RootRagError": {"executed_lines": [], "summary": {"covered_lines": 0, "num_statements": 0, "percent_covered": 100.0, "percent_covered_display": "100", "missing_lines": 0, "excluded_lines": 0, "percent_statements_covered": 100.0, "percent_statements_covered_display": "100"}, "missing_lines": [], "excluded_lines": [], "start_line": 4}, "InvalidRefError": {"executed_lines": [], "summary": {"covered_lines": 0, "num_statements": 0, "percent_covered": 100.0, "percent_covered_display": "100", "missing_lines": 0, "excluded_lines": 0, "percent_statements_covered": 100.0, "percent_statements_covered_display": "100"}, "missing_lines": [], "excluded_lines": [], "start_line": 9}, "GitOperationError": {"executed_lines": [], "summary": {"covered_lines": 0, "num_statements": 0, "percent_covered": 100.0, "percent_covered_display": "100", "missing_lines": 0, "excluded_lines": 0, "percent_statements_covered": 100.0, "percent_statements_covered_display": "100"}, "missing_lines": [], "excluded_lines": [], "start_line": 14}, "CorpusError": {"executed_lines": [], "summary": {"covered_lines": 0, "num_statements": 0, "percent_covered": 100.0, "percent_covered_display": "100", "missing_lines": 0, "excluded_lines": 0, "percent_statements_covered": 100.0, "percent_statements_covered_display": "100"}, "missing_lines": [], "excluded_lines": [], "start_line": 19}, "ParserError": {"executed_lines": [], "summary": {"covered_lines": 0, "num_statements": 0, "percent_covered": 100.0, "percent_covered_display": "100", "missing_lines": 0, "excluded_lines": 0, "percent_statements_covered": 100.0, "percent_statements_covered_display": "100"}, "missing_lines": [], "excluded_lines": [], "start_line": 24}, "ChunkingError": {"executed_lines": [], "summary": {"covered_lines": 0, "num_statements": 0, "percent_covered": 100.0, "percent_covered_display": "100", "missing_lines": 0, "excluded_lines": 0, "percent_statements_covered": 100.0, "percent_statements_covered_display": "100"}, "missing_lines": [], "excluded_lines": [], "start_line": 29}, "IndexBuildError": {"executed_lines": [], "summary": {"covered_lines": 0, "num_statements": 0, "percent_covered": 100.0, "percent_covered_display": "100", "missing_lines": 0, "excluded_lines": 0, "percent_statements_covered": 100.0, "percent_statements_covered_display": "100"}, "missing_lines": [], "excluded_lines": [], "start_line": 34}, "IndexNotFoundError": {"executed_lines": [], "summary": {"covered_lines": 0, "num_statements": 0, "percent_covered": 100.0, "percent_covered_display": "100", "missing_lines": 0, "excluded_lines": 0, "percent_statements_covered": 100.0, "percent_statements_covered_display": "100"}, "missing_lines": [], "excluded_lines": [], "start_line": 39}, "RetrievalError": {"executed_lines": [], "summary": {"covered_lines": 0, "num_statements": 0, "percent_covered": 100.0, "percent_covered_display": "100", "missing_lines": 0, "excluded_lines": 0, "percent_statements_covered": 100.0, "percent_statements_covered_display": "100"}, "missing_lines": [], "excluded_lines": [], "start_line": 44}, "": {"executed_lines": [4, 6, 9, 11, 14, 16, 19, 21, 24, 26, 29, 31, 34, 36, 39, 41, 44, 46], "summary": {"covered_lines": 18, "num_statements": 18, "percent_covered": 100.0, "percent_covered_display": "100", "missing_lines": 0, "excluded_lines": 0, "percent_statements_covered": 100.0, "percent_statements_covered_display": "100"}, "missing_lines": [], "excluded_lines": [], "start_line": 1}}}, "src\\root_rag\\corpus\\__init__.py": {"executed_lines": [2, 3, 4, 6], "summary": {"covered_lines": 4, "num_statements": 4, "percent_covered": 100.0, "percent_covered_display": "100", "missing_lines": 0, "excluded_lines": 0, "percent_statements_covered": 100.0, "percent_statements_covered_display": "100"}, "missing_lines": [], "excluded_lines": [], "functions": {"": {"executed_lines": [2, 3, 4, 6], "summary": {"covered_lines": 4, "num_statements": 4, "percent_covered": 100.0, "percent_covered_display": "100", "missing_lines": 0, "excluded_lines": 0, "percent_statements_covered": 100.0, "percent_statements_covered_display": "100"}, "missing_lines": [], "excluded_lines": [], "start_line": 1}}, "classes": {"": {"executed_lines": [2, 3, 4, 6], "summary": {"covered_lines": 4, "num_statements": 4, "percent_covered": 100.0, "percent_covered_display": "100", "missing_lines": 0, "excluded_lines": 0, "percent_statements_covered": 100.0, "percent_statements_covered_display": "100"}, "missing_lines": [], "excluded_lines": [], "start_line": 1}}}, "src\\root_rag\\corpus\\fetcher.py": {"executed_lines": [2, 3, 4, 5, 6, 7, 8, 9, 11, 12, 14, 17, 25, 26, 30, 31, 37, 40, 54, 55, 62, 68, 69, 70, 74, 75, 76, 78, 82, 83, 90, 100, 103, 104, 111, 117, 118, 125, 131, 138, 143, 146, 173, 176, 179, 180, 181, 182, 185, 186, 187, 190, 191, 192, 195, 201, 202, 205, 208, 211, 221, 222, 224], "summary": {"covered_lines": 63, "num_statements": 75, "percent_covered": 84.0, "percent_covered_display": "84", "missing_lines": 12, "excluded_lines": 0, "percent_statements_covered": 84.0, "percent_statements_covered_display": "84"}, "missing_lines": [27, 33, 34, 63, 79, 84, 85, 112, 126, 139, 196, 206], "excluded_lines": [], "functions": {"_get_repo_slug": {"executed_lines": [25, 26, 30, 31, 37], "summary": {"covered_lines": 5, "num_statements": 8, "percent_covered": 62.5, "percent_covered_display": "62", "missing_lines": 3, "excluded_lines": 0, "percent_statements_covered": 62.5, "percent_statements_covered_display": "62"}, "missing_lines": [27, 33, 34], "excluded_lines": [], "start_line": 17}, "resolve_git_ref": {"executed_lines": [54, 55, 62, 68, 69, 70, 74, 75, 76, 78, 82, 83], "summary": {"covered_lines": 12, "num_statements": 16, "percent_covered": 75.0, "percent_covered_display": "75", "missing_lines": 4, "excluded_lines": 0, "percent_statements_covered": 75.0, "percent_statements_covered_display": "75"}, "missing_lines": [63, 79, 84, 85], "excluded_lines": [], "start_line": 40}, "_clone_and_checkout": {"executed_lines": [100, 103, 104, 111, 117, 118, 125, 131, 138, 143], "summary": {"covered_lines": 10, "num_statements": 13, "percent_covered": 76.92307692307692, "percent_covered_display": "77", "missing_lines": 3, "excluded_lines": 0, "percent_statements_covered": 76.92307692307692, "percent_statements_covered_display": "77"}, "missing_lines": [112, 126, 139], "excluded_lines": [], "start_line": 90}, "fetch_corpus": {"executed_lines": [173, 176, 179, 180, 181, 182, 185, 186, 187, 190, 191, 192, 195, 201, 202, 205, 208, 211, 221, 222, 224], "summary": {"covered_lines": 21, "num_statements": 23, "percent_covered": 91.30434782608695, "percent_covered_display": "91", "missing_lines": 2, "excluded_lines": 0, "percent_statements_covered": 91.30434782608695, "percent_statements_covered_display": "91"}, "missing_lines": [196, 206], "excluded_lines": [], "start_line": 146}, "": {"executed_lines": [2, 3, 4, 5, 6, 7, 8, 9, 11, 12, 14, 17, 40, 90, 146], "summary": {"covered_lines": 15, "num_statements": 15, "percent_covered": 100.0, "percent_covered_display": "100", "missing_lines": 0, "excluded_lines": 0, "percent_statements_covered": 100.0, "percent_statements_covered_display": "100"}, "missing_lines": [], "excluded_lines": [], "start_line": 1}}, "classes": {"": {"executed_lines": [2, 3, 4, 5, 6, 7, 8, 9, 11, 12, 14, 17, 25, 26, 30, 31, 37, 40, 54, 55, 62, 68, 69, 70, 74, 75, 76, 78, 82, 83, 90, 100, 103, 104, 111, 117, 118, 125, 131, 138, 143, 146, 173, 176, 179, 180, 181, 182, 185, 186, 187, 190, 191, 192, 195, 201, 202, 205, 208, 211, 221, 222, 224], "summary": {"covered_lines": 63, "num_statements": 75, "percent_covered": 84.0, "percent_covered_display": "84", "missing_lines": 12, "excluded_lines": 0, "percent_statements_covered": 84.0, "percent_statements_covered_display": "84"}, "missing_lines": [27, 33, 34, 63, 79, 84, 85, 112, 126, 139, 196, 206], "excluded_lines": [], "start_line": 1}}}, "src\\root_rag\\corpus\\manifest.py": {"executed_lines": [2, 3, 4, 6, 9, 20, 21, 22, 23, 24, 25, 26, 27, 29, 30, 31, 33, 34, 37, 38, 41, 43, 58, 60, 61, 62, 64, 65, 67, 68, 70], "summary": {"covered_lines": 31, "num_statements": 32, "percent_covered": 96.875, "percent_covered_display": "97", "missing_lines": 1, "excluded_lines": 0, "percent_statements_covered": 96.875, "percent_statements_covered_display": "97"}, "missing_lines": [72], "excluded_lines": [], "functions": {"Manifest.validate_commit_sha": {"executed_lines": [33, 34, 37, 38, 41], "summary": {"covered_lines": 5, "num_statements": 5, "percent_covered": 100.0, "percent_covered_display": "100", "missing_lines": 0, "excluded_lines": 0, "percent_statements_covered": 100.0, "percent_statements_covered_display": "100"}, "missing_lines": [], "excluded_lines": [], "start_line": 31}, "Manifest.save": {"executed_lines": [60, 61, 62], "summary": {"covered_lines": 3, "num_statements": 3, "percent_covered": 100.0, "percent_covered_display": "100", "missing_lines": 0, "excluded_lines": 0, "percent_statements_covered": 100.0, "percent_statements_covered_display": "100"}, "missing_lines": [], "excluded_lines": [], "start_line": 58}, "Manifest.load": {"executed_lines": [67, 68], "summary": {"covered_lines": 2, "num_statements": 2, "percent_covered": 100.0, "percent_covered_display": "100", "missing_lines": 0, "excluded_lines": 0, "percent_statements_covered": 100.0, "percent_statements_covered_display": "100"}, "missing_lines": [], "excluded_lines": [], "start_line": 65}, "Manifest.to_dict": {"executed_lines": [], "summary": {"covered_lines": 0, "num_statements": 1, "percent_covered": 0.0, "percent_covered_display": "0", "missing_lines": 1, "excluded_lines": 0, "percent_statements_covered": 0.0, "percent_statements_covered_display": "0"}, "missing_lines": [72], "excluded_lines": [], "start_line": 70}, "": {"executed_lines": [2, 3, 4, 6, 9, 20, 21, 22, 23, 24, 25, 26, 27, 29, 30, 31, 43, 58, 64, 65, 70], "summary": {"covered_lines": 21, "num_statements": 21, "percent_covered": 100.0, "percent_covered_display": "100", "missing_lines": 0, "excluded_lines": 0, "percent_statements_covered": 100.0, "percent_statements_covered_display": "100"}, "missing_lines": [], "excluded_lines": [], "start_line": 1}}, "classes": {"Manifest": {"executed_lines": [33, 34, 37, 38, 41, 60, 61, 62, 67, 68], "summary": {"covered_lines": 10, "num_statements": 11, "percent_covered": 90.9090909090909, "percent_covered_display": "91", "missing_lines": 1, "excluded_lines": 0, "percent_statements_covered": 90.9090909090909, "percent_statements_covered_display": "91"}, "missing_lines": [72], "excluded_lines": [], "start_line": 9}, "": {"executed_lines": [2, 3, 4, 6, 9, 20, 21, 22, 23, 24, 25, 26, 27, 29, 30, 31, 43, 58, 64, 65, 70], "summary": {"covered_lines": 21, "num_statements": 21, "percent_covered": 100.0, "percent_covered_display": "100", "missing_lines": 0, "excluded_lines": 0, "percent_statements_covered": 100.0, "percent_statements_covered_display": "100"}, "missing_lines": [], "excluded_lines": [], "start_line": 1}}}, "src\\root_rag\\evaluation\\__init__.py": {"executed_lines": [3, 10], "summary": {"covered_lines": 2, "num_statements": 2, "percent_covered": 100.0, "percent_covered_display": "100", "missing_lines": 0, "excluded_lines": 0, "percent_statements_covered": 100.0, "percent_statements_covered_display": "100"}, "missing_lines": [], "excluded_lines": [], "functions": {"": {"executed_lines": [3, 10], "summary": {"covered_lines": 2, "num_statements": 2, "percent_covered": 100.0, "percent_covered_display": "100", "missing_lines": 0, "excluded_lines": 0, "percent_statements_covered": 100.0, "percent_statements_covered_display": "100"}, "missing_lines": [], "excluded_lines": [], "start_line": 1}}, "classes": {"": {"executed_lines": [3, 10], "summary": {"covered_lines": 2, "num_statements": 2, "percent_covered": 100.0, "percent_covered_display": "100", "missing_lines": 0, "excluded_lines": 0, "percent_statements_covered": 100.0, "percent_statements_covered_display": "100"}, "missing_lines": [], "excluded_lines": [], "start_line": 1}}}, "src\\root_rag\\evaluation\\metrics.py": {"executed_lines": [3, 5, 6, 7, 10, 13, 14, 17, 18, 19, 20, 21, 24, 32, 33, 34, 36, 37, 38, 39, 44, 46, 55, 57, 58, 60, 61, 68, 70, 75, 80, 81, 82, 83, 84], "summary": {"covered_lines": 35, "num_statements": 36, "percent_covered": 97.22222222222223, "percent_covered_display": "97", "missing_lines": 1, "excluded_lines": 0, "percent_statements_covered": 97.22222222222223, "percent_statements_covered_display": "97"}, "missing_lines": [59], "excluded_lines": [], "functions": {"compute_topk_metrics": {"executed_lines": [32, 33, 34, 36, 37, 38, 39, 44, 46], "summary": {"covered_lines": 9, "num_statements": 9, "percent_covered": 100.0, "percent_covered_display": "100", "missing_lines": 0, "excluded_lines": 0, "percent_statements_covered": 100.0, "percent_statements_covered_display": "100"}, "missing_lines": [], "excluded_lines": [], "start_line": 24}, "aggregate_topk_metrics": {"executed_lines": [57, 58, 60, 61], "summary": {"covered_lines": 4, "num_statements": 5, "percent_covered": 80.0, "percent_covered_display": "80", "missing_lines": 1, "excluded_lines": 0, "percent_statements_covered": 80.0, "percent_statements_covered_display": "80"}, "missing_lines": [59], "excluded_lines": [], "start_line": 55}, "classify_effect": {"executed_lines": [70, 75, 80, 81, 82, 83, 84], "summary": {"covered_lines": 7, "num_statements": 7, "percent_covered": 100.0, "percent_covered_display": "100", "missing_lines": 0, "excluded_lines": 0, "percent_statements_covered": 100.0, "percent_statements_covered_display": "100"}, "missing_lines": [], "excluded_lines": [], "start_line": 68}, "": {"executed_lines": [3, 5, 6, 7, 10, 13, 14, 17, 18, 19, 20, 21, 24, 55, 68], "summary": {"covered_lines": 15, "num_statements": 15, "percent_covered": 100.0, "percent_covered_display": "100", "missing_lines": 0, "excluded_lines": 0, "percent_statements_covered": 100.0, "percent_statements_covered_display": "100"}, "missing_lines": [], "excluded_lines": [], "start_line": 1}}, "classes": {"TopKMetrics": {"executed_lines": [], "summary": {"covered_lines": 0, "num_statements": 0, "percent_covered": 100.0, "percent_covered_display": "100", "missing_lines": 0, "excluded_lines": 0, "percent_statements_covered": 100.0, "percent_statements_covered_display": "100"}, "missing_lines": [], "excluded_lines": [], "start_line": 14}, "": {"executed_lines": [3, 5, 6, 7, 10, 13, 14, 17, 18, 19, 20, 21, 24, 32, 33, 34, 36, 37, 38, 39, 44, 46, 55, 57, 58, 60, 61, 68, 70, 75, 80, 81, 82, 83, 84], "summary": {"covered_lines": 35, "num_statements": 36, "percent_covered": 97.22222222222223, "percent_covered_display": "97", "missing_lines": 1, "excluded_lines": 0, "percent_statements_covered": 97.22222222222223, "percent_statements_covered_display": "97"}, "missing_lines": [59], "excluded_lines": [], "start_line": 1}}}, "src\\root_rag\\index\\__init__.py": {"executed_lines": [2, 3, 4, 6], "summary": {"covered_lines": 4, "num_statements": 4, "percent_covered": 100.0, "percent_covered_display": "100", "missing_lines": 0, "excluded_lines": 0, "percent_statements_covered": 100.0, "percent_statements_covered_display": "100"}, "missing_lines": [], "excluded_lines": [], "functions": {"": {"executed_lines": [2, 3, 4, 6], "summary": {"covered_lines": 4, "num_statements": 4, "percent_covered": 100.0, "percent_covered_display": "100", "missing_lines": 0, "excluded_lines": 0, "percent_statements_covered": 100.0, "percent_statements_covered_display": "100"}, "missing_lines": [], "excluded_lines": [], "start_line": 1}}, "classes": {"": {"executed_lines": [2, 3, 4, 6], "summary": {"covered_lines": 4, "num_statements": 4, "percent_covered": 100.0, "percent_covered_display": "100", "missing_lines": 0, "excluded_lines": 0, "percent_statements_covered": 100.0, "percent_statements_covered_display": "100"}, "missing_lines": [], "excluded_lines": [], "start_line": 1}}}, "src\\root_rag\\index\\builder.py": {"executed_lines": [2, 3, 4, 5, 7, 8, 9, 11, 14, 40, 41, 44, 45, 46, 48, 50, 53, 54, 62, 75, 76, 77, 78, 80, 94, 96, 106, 141, 142, 145, 148, 149, 150, 158, 166, 167, 168, 170, 171, 172, 173, 174, 183, 191, 192, 193, 195, 198, 199, 201, 202, 204, 212, 214, 230, 231, 232, 233, 241, 248], "summary": {"covered_lines": 60, "num_statements": 77, "percent_covered": 77.92207792207792, "percent_covered_display": "78", "missing_lines": 17, "excluded_lines": 0, "percent_statements_covered": 77.92207792207792, "percent_statements_covered_display": "78"}, "missing_lines": [63, 64, 81, 82, 83, 159, 160, 175, 176, 177, 184, 185, 205, 206, 234, 235, 236], "excluded_lines": [], "functions": {"build_index": {"executed_lines": [40, 41, 44, 45, 46, 48, 50, 53, 54, 62, 75, 76, 77, 78, 80, 94, 96], "summary": {"covered_lines": 17, "num_statements": 22, "percent_covered": 77.27272727272727, "percent_covered_display": "77", "missing_lines": 5, "excluded_lines": 0, "percent_statements_covered": 77.27272727272727, "percent_statements_covered_display": "77"}, "missing_lines": [63, 64, 81, 82, 83], "excluded_lines": [], "start_line": 14}, "build_full_index": {"executed_lines": [141, 142, 145, 148, 149, 150, 158, 166, 167, 168, 170, 171, 172, 173, 174, 183, 191, 192, 193, 195, 198, 199, 201, 202, 204, 212, 214, 230, 231, 232, 233, 241, 248], "summary": {"covered_lines": 33, "num_statements": 45, "percent_covered": 73.33333333333333, "percent_covered_display": "73", "missing_lines": 12, "excluded_lines": 0, "percent_statements_covered": 73.33333333333333, "percent_statements_covered_display": "73"}, "missing_lines": [159, 160, 175, 176, 177, 184, 185, 205, 206, 234, 235, 236], "excluded_lines": [], "start_line": 106}, "": {"executed_lines": [2, 3, 4, 5, 7, 8, 9, 11, 14, 106], "summary": {"covered_lines": 10, "num_statements": 10, "percent_covered": 100.0, "percent_covered_display": "100", "missing_lines": 0, "excluded_lines": 0, "percent_statements_covered": 100.0, "percent_statements_covered_display": "100"}, "missing_lines": [], "excluded_lines": [], "start_line": 1}}, "classes": {"": {"executed_lines": [2, 3, 4, 5, 7, 8, 9, 11, 14, 40, 41, 44, 45, 46, 48, 50, 53, 54, 62, 75, 76, 77, 78, 80, 94, 96, 106, 141, 142, 145, 148, 149, 150, 158, 166, 167, 168, 170, 171, 172, 173, 174, 183, 191, 192, 193, 195, 198, 199, 201, 202, 204, 212, 214, 230, 231, 232, 233, 241, 248], "summary": {"covered_lines": 60, "num_statements": 77, "percent_covered": 77.92207792207792, "percent_covered_display": "78", "missing_lines": 17, "excluded_lines": 0, "percent_statements_covered": 77.92207792207792, "percent_statements_covered_display": "78"}, "missing_lines": [63, 64, 81, 82, 83, 159, 160, 175, 176, 177, 184, 185, 205, 206, 234, 235, 236], "excluded_lines": [], "start_line": 1}}}, "src\\root_rag\\index\\fts.py": {"executed_lines": [2, 3, 4, 5, 6, 8, 10, 13, 19, 20, 21, 22, 23, 29, 38, 39, 41, 42, 47, 63, 64, 65, 68, 78, 81, 86, 87, 89, 90, 92, 93, 94, 121, 126, 127, 128, 130, 133, 145, 147, 148, 149, 151, 152, 153, 154, 156], "summary": {"covered_lines": 47, "num_statements": 56, "percent_covered": 83.92857142857143, "percent_covered_display": "84", "missing_lines": 9, "excluded_lines": 0, "percent_statements_covered": 83.92857142857143, "percent_statements_covered_display": "84"}, "missing_lines": [24, 25, 26, 122, 123, 124, 162, 163, 164], "excluded_lines": [], "functions": {"check_fts5_available": {"executed_lines": [19, 20, 21, 22, 23], "summary": {"covered_lines": 5, "num_statements": 8, "percent_covered": 62.5, "percent_covered_display": "62", "missing_lines": 3, "excluded_lines": 0, "percent_statements_covered": 62.5, "percent_statements_covered_display": "62"}, "missing_lines": [24, 25, 26], "excluded_lines": [], "start_line": 13}, "create_fts5_db": {"executed_lines": [38, 39, 41, 42, 47, 63, 64, 65], "summary": {"covered_lines": 8, "num_statements": 8, "percent_covered": 100.0, "percent_covered_display": "100", "missing_lines": 0, "excluded_lines": 0, "percent_statements_covered": 100.0, "percent_statements_covered_display": "100"}, "missing_lines": [], "excluded_lines": [], "start_line": 29}, "insert_chunks_into_fts": {"executed_lines": [78, 81, 86, 87, 89, 90, 92, 93, 94, 121, 126, 127, 128, 130], "summary": {"covered_lines": 14, "num_statements": 17, "percent_covered": 82.3529411764706, "percent_covered_display": "82", "missing_lines": 3, "excluded_lines": 0, "percent_statements_covered": 82.3529411764706, "percent_statements_covered_display": "82"}, "missing_lines": [122, 123, 124], "excluded_lines": [], "start_line": 68}, "build_fts_index": {"executed_lines": [145, 147, 148, 149, 151, 152, 153, 154, 156], "summary": {"covered_lines": 9, "num_statements": 12, "percent_covered": 75.0, "percent_covered_display": "75", "missing_lines": 3, "excluded_lines": 0, "percent_statements_covered": 75.0, "percent_statements_covered_display": "75"}, "missing_lines": [162, 163, 164], "excluded_lines": [], "start_line": 133}, "": {"executed_lines": [2, 3, 4, 5, 6, 8, 10, 13, 29, 68, 133], "summary": {"covered_lines": 11, "num_statements": 11, "percent_covered": 100.0, "percent_covered_display": "100", "missing_lines": 0, "excluded_lines": 0, "percent_statements_covered": 100.0, "percent_statements_covered_display": "100"}, "missing_lines": [], "excluded_lines": [], "start_line": 1}}, "classes": {"": {"executed_lines": [2, 3, 4, 5, 6, 8, 10, 13, 19, 20, 21, 22, 23, 29, 38, 39, 41, 42, 47, 63, 64, 65, 68, 78, 81, 86, 87, 89, 90, 92, 93, 94, 121, 126, 127, 128, 130, 133, 145, 147, 148, 149, 151, 152, 153, 154, 156], "summary": {"covered_lines": 47, "num_statements": 56, "percent_covered": 83.92857142857143, "percent_covered_display": "84", "missing_lines": 9, "excluded_lines": 0, "percent_statements_covered": 83.92857142857143, "percent_statements_covered_display": "84"}, "missing_lines": [24, 25, 26, 122, 123, 124, 162, 163, 164], "excluded_lines": [], "start_line": 1}}}, "src\\root_rag\\index\\locator.py": {"executed_lines": [2, 3, 4, 6, 7, 9, 12, 30, 33, 34, 35, 37, 38, 40, 41, 44, 49, 51, 52, 54, 55, 58, 59, 60, 62, 63, 64, 65, 70, 71, 74, 75, 77, 78], "summary": {"covered_lines": 34, "num_statements": 39, "percent_covered": 87.17948717948718, "percent_covered_display": "87", "missing_lines": 5, "excluded_lines": 0, "percent_statements_covered": 87.17948717948718, "percent_statements_covered_display": "87"}, "missing_lines": [45, 56, 66, 67, 68], "excluded_lines": [], "functions": {"resolve_index": {"executed_lines": [30, 33, 34, 35, 37, 38, 40, 41, 44, 49, 51, 52, 54, 55, 58, 59, 60, 62, 63, 64, 65, 70, 71, 74, 75, 77, 78], "summary": {"covered_lines": 27, "num_statements": 32, "percent_covered": 84.375, "percent_covered_display": "84", "missing_lines": 5, "excluded_lines": 0, "percent_statements_covered": 84.375, "percent_statements_covered_display": "84"}, "missing_lines": [45, 56, 66, 67, 68], "excluded_lines": [], "start_line": 12}, "": {"executed_lines": [2, 3, 4, 6, 7, 9, 12], "summary": {"covered_lines": 7, "num_statements": 7, "percent_covered": 100.0, "percent_covered_display": "100", "missing_lines": 0, "excluded_lines": 0, "percent_statements_covered": 100.0, "percent_statements_covered_display": "100"}, "missing_lines": [], "excluded_lines": [], "start_line": 1}}, "classes": {"": {"executed_lines": [2, 3, 4, 6, 7, 9, 12, 30, 33, 34, 35, 37, 38, 40, 41, 44, 49, 51, 52, 54, 55, 58, 59, 60, 62, 63, 64, 65, 70, 71, 74, 75, 77, 78], "summary": {"covered_lines": 34, "num_statements": 39, "percent_covered": 87.17948717948718, "percent_covered_display": "87", "missing_lines": 5, "excluded_lines": 0, "percent_statements_covered": 87.17948717948718, "percent_statements_covered_display": "87"}, "missing_lines": [45, 56, 66, 67, 68], "excluded_lines": [], "start_line": 1}}}, "src\\root_rag\\index\\schemas.py": {"executed_lines": [2, 3, 4, 5, 6, 8, 11, 23, 24, 25, 26, 27, 28, 29, 30, 31, 35, 38, 39, 41, 42, 43, 45, 47, 49, 50, 51, 53, 55, 57, 59, 60, 61, 63, 65, 67, 69, 71, 72, 73, 75, 82, 86, 88, 89, 90, 92, 94, 96, 115, 116, 129, 130, 131, 133, 135, 137, 138, 152, 153, 168, 176, 177, 180, 181, 182, 185, 186, 189, 190, 193, 194, 195, 198, 199, 201, 202, 208, 209, 211, 212, 220, 221, 223, 225, 227, 229, 230, 231, 232, 234, 235, 237, 238, 239, 240, 242], "summary": {"covered_lines": 97, "num_statements": 105, "percent_covered": 92.38095238095238, "percent_covered_display": "92", "missing_lines": 8, "excluded_lines": 0, "percent_statements_covered": 92.38095238095238, "percent_statements_covered_display": "92"}, "missing_lines": [46, 54, 56, 64, 66, 68, 83, 93], "excluded_lines": [], "functions": {"Chunk.validate_end_line_vs_start": {"executed_lines": [45, 47], "summary": {"covered_lines": 2, "num_statements": 3, "percent_covered": 66.66666666666667, "percent_covered_display": "67", "missing_lines": 1, "excluded_lines": 0, "percent_statements_covered": 66.66666666666667, "percent_statements_covered_display": "67"}, "missing_lines": [46], "excluded_lines": [], "start_line": 43}, "Chunk.validate_content_nonempty": {"executed_lines": [53, 55, 57], "summary": {"covered_lines": 3, "num_statements": 5, "percent_covered": 60.0, "percent_covered_display": "60", "missing_lines": 2, "excluded_lines": 0, "percent_statements_covered": 60.0, "percent_statements_covered_display": "60"}, "missing_lines": [54, 56], "excluded_lines": [], "start_line": 51}, "Chunk.validate_file_path_relative_posix": {"executed_lines": [63, 65, 67, 69], "summary": {"covered_lines": 4, "num_statements": 7, "percent_covered": 57.142857142857146, "percent_covered_display": "57", "missing_lines": 3, "excluded_lines": 0, "percent_statements_covered": 57.142857142857146, "percent_statements_covered_display": "57"}, "missing_lines": [64, 66, 68], "excluded_lines": [], "start_line": 61}, "Chunk.validate_doc_origin": {"executed_lines": [75, 82, 86], "summary": {"covered_lines": 3, "num_statements": 4, "percent_covered": 75.0, "percent_covered_display": "75", "missing_lines": 1, "excluded_lines": 0, "percent_statements_covered": 75.0, "percent_statements_covered_display": "75"}, "missing_lines": [83], "excluded_lines": [], "start_line": 73}, "Chunk.validate_language": {"executed_lines": [92, 94], "summary": {"covered_lines": 2, "num_statements": 3, "percent_covered": 66.66666666666667, "percent_covered_display": "67", "missing_lines": 1, "excluded_lines": 0, "percent_statements_covered": 66.66666666666667, "percent_statements_covered_display": "67"}, "missing_lines": [93], "excluded_lines": [], "start_line": 90}, "Chunk.compute_chunk_id": {"executed_lines": [129, 130, 131], "summary": {"covered_lines": 3, "num_statements": 3, "percent_covered": 100.0, "percent_covered_display": "100", "missing_lines": 0, "excluded_lines": 0, "percent_statements_covered": 100.0, "percent_statements_covered_display": "100"}, "missing_lines": [], "excluded_lines": [], "start_line": 116}, "Chunk.to_jsonl_line": {"executed_lines": [135], "summary": {"covered_lines": 1, "num_statements": 1, "percent_covered": 100.0, "percent_covered_display": "100", "missing_lines": 0, "excluded_lines": 0, "percent_statements_covered": 100.0, "percent_statements_covered_display": "100"}, "missing_lines": [], "excluded_lines": [], "start_line": 133}, "Chunk.from_file_slice": {"executed_lines": [152, 153], "summary": {"covered_lines": 2, "num_statements": 2, "percent_covered": 100.0, "percent_covered_display": "100", "missing_lines": 0, "excluded_lines": 0, "percent_statements_covered": 100.0, "percent_statements_covered_display": "100"}, "missing_lines": [], "excluded_lines": [], "start_line": 138}, "IndexManifest.compute_corpus_id": {"executed_lines": [208, 209], "summary": {"covered_lines": 2, "num_statements": 2, "percent_covered": 100.0, "percent_covered_display": "100", "missing_lines": 0, "excluded_lines": 0, "percent_statements_covered": 100.0, "percent_statements_covered_display": "100"}, "missing_lines": [], "excluded_lines": [], "start_line": 202}, "IndexManifest.compute_index_id": {"executed_lines": [220, 221], "summary": {"covered_lines": 2, "num_statements": 2, "percent_covered": 100.0, "percent_covered_display": "100", "missing_lines": 0, "excluded_lines": 0, "percent_statements_covered": 100.0, "percent_statements_covered_display": "100"}, "missing_lines": [], "excluded_lines": [], "start_line": 212}, "IndexManifest.to_dict": {"executed_lines": [225], "summary": {"covered_lines": 1, "num_statements": 1, "percent_covered": 100.0, "percent_covered_display": "100", "missing_lines": 0, "excluded_lines": 0, "percent_statements_covered": 100.0, "percent_statements_covered_display": "100"}, "missing_lines": [], "excluded_lines": [], "start_line": 223}, "IndexManifest.save": {"executed_lines": [229, 230, 231, 232], "summary": {"covered_lines": 4, "num_statements": 4, "percent_covered": 100.0, "percent_covered_display": "100", "missing_lines": 0, "excluded_lines": 0, "percent_statements_covered": 100.0, "percent_statements_covered_display": "100"}, "missing_lines": [], "excluded_lines": [], "start_line": 227}, "IndexManifest.load": {"executed_lines": [237, 238, 239, 240], "summary": {"covered_lines": 4, "num_statements": 4, "percent_covered": 100.0, "percent_covered_display": "100", "missing_lines": 0, "excluded_lines": 0, "percent_statements_covered": 100.0, "percent_statements_covered_display": "100"}, "missing_lines": [], "excluded_lines": [], "start_line": 235}, "": {"executed_lines": [2, 3, 4, 5, 6, 8, 11, 23, 24, 25, 26, 27, 28, 29, 30, 31, 35, 38, 39, 41, 42, 43, 49, 50, 51, 59, 60, 61, 71, 72, 73, 88, 89, 90, 96, 115, 116, 133, 137, 138, 168, 176, 177, 180, 181, 182, 185, 186, 189, 190, 193, 194, 195, 198, 199, 201, 202, 211, 212, 223, 227, 234, 235, 242], "summary": {"covered_lines": 64, "num_statements": 64, "percent_covered": 100.0, "percent_covered_display": "100", "missing_lines": 0, "excluded_lines": 0, "percent_statements_covered": 100.0, "percent_statements_covered_display": "100"}, "missing_lines": [], "excluded_lines": [], "start_line": 1}}, "classes": {"Chunk": {"executed_lines": [45, 47, 53, 55, 57, 63, 65, 67, 69, 75, 82, 86, 92, 94, 129, 130, 131, 135, 152, 153], "summary": {"covered_lines": 20, "num_statements": 28, "percent_covered": 71.42857142857143, "percent_covered_display": "71", "missing_lines": 8, "excluded_lines": 0, "percent_statements_covered": 71.42857142857143, "percent_statements_covered_display": "71"}, "missing_lines": [46, 54, 56, 64, 66, 68, 83, 93], "excluded_lines": [], "start_line": 11}, "IndexManifest": {"executed_lines": [208, 209, 220, 221, 225, 229, 230, 231, 232, 237, 238, 239, 240], "summary": {"covered_lines": 13, "num_statements": 13, "percent_covered": 100.0, "percent_covered_display": "100", "missing_lines": 0, "excluded_lines": 0, "percent_statements_covered": 100.0, "percent_statements_covered_display": "100"}, "missing_lines": [], "excluded_lines": [], "start_line": 168}, "": {"executed_lines": [2, 3, 4, 5, 6, 8, 11, 23, 24, 25, 26, 27, 28, 29, 30, 31, 35, 38, 39, 41, 42, 43, 49, 50, 51, 59, 60, 61, 71, 72, 73, 88, 89, 90, 96, 115, 116, 133, 137, 138, 168, 176, 177, 180, 181, 182, 185, 186, 189, 190, 193, 194, 195, 198, 199, 201, 202, 211, 212, 223, 227, 234, 235, 242], "summary": {"covered_lines": 64, "num_statements": 64, "percent_covered": 100.0, "percent_covered_display": "100", "missing_lines": 0, "excluded_lines": 0, "percent_statements_covered": 100.0, "percent_statements_covered_display": "100"}, "missing_lines": [], "excluded_lines": [], "start_line": 1}}}, "src\\root_rag\\parser\\__init__.py": {"executed_lines": [3], "summary": {"covered_lines": 1, "num_statements": 1, "percent_covered": 100.0, "percent_covered_display": "100", "missing_lines": 0, "excluded_lines": 0, "percent_statements_covered": 100.0, "percent_statements_covered_display": "100"}, "missing_lines": [], "excluded_lines": [], "functions": {"": {"executed_lines": [3], "summary": {"covered_lines": 1, "num_statements": 1, "percent_covered": 100.0, "percent_covered_display": "100", "missing_lines": 0, "excluded_lines": 0, "percent_statements_covered": 100.0, "percent_statements_covered_display": "100"}, "missing_lines": [], "excluded_lines": [], "start_line": 1}}, "classes": {"": {"executed_lines": [3], "summary": {"covered_lines": 1, "num_statements": 1, "percent_covered": 100.0, "percent_covered_display": "100", "missing_lines": 0, "excluded_lines": 0, "percent_statements_covered": 100.0, "percent_statements_covered_display": "100"}, "missing_lines": [], "excluded_lines": [], "start_line": 1}}}, "src\\root_rag\\parser\\chunks.py": {"executed_lines": [2, 3, 4, 5, 7, 8, 10, 13, 16, 18, 19, 28, 31, 33, 34, 37, 38, 41, 42, 45, 48, 57, 58, 64, 65, 68, 70, 71, 74, 98, 99, 102, 103, 108, 112, 113, 118, 120, 121, 124, 125, 126, 129, 132, 133, 134, 137, 138, 141, 142, 145, 148, 160, 163, 165, 166, 169, 188, 190, 193, 196, 197, 203, 204, 205, 206, 207, 209, 210, 211, 212, 220, 225, 229], "summary": {"covered_lines": 74, "num_statements": 86, "percent_covered": 86.04651162790698, "percent_covered_display": "86", "missing_lines": 12, "excluded_lines": 0, "percent_statements_covered": 86.04651162790698, "percent_statements_covered_display": "86"}, "missing_lines": [59, 61, 104, 105, 106, 109, 114, 116, 130, 221, 222, 223], "excluded_lines": [], "functions": {"_get_language_from_path": {"executed_lines": [18, 19, 28], "summary": {"covered_lines": 3, "num_statements": 3, "percent_covered": 100.0, "percent_covered_display": "100", "missing_lines": 0, "excluded_lines": 0, "percent_statements_covered": 100.0, "percent_statements_covered_display": "100"}, "missing_lines": [], "excluded_lines": [], "start_line": 16}, "_get_doc_origin_from_path": {"executed_lines": [33, 34, 37, 38, 41, 42, 45], "summary": {"covered_lines": 7, "num_statements": 7, "percent_covered": 100.0, "percent_covered_display": "100", "missing_lines": 0, "excluded_lines": 0, "percent_statements_covered": 100.0, "percent_statements_covered_display": "100"}, "missing_lines": [], "excluded_lines": [], "start_line": 31}, "_read_file_lines": {"executed_lines": [57, 58, 64, 65], "summary": {"covered_lines": 4, "num_statements": 6, "percent_covered": 66.66666666666667, "percent_covered_display": "67", "missing_lines": 2, "excluded_lines": 0, "percent_statements_covered": 66.66666666666667, "percent_statements_covered_display": "67"}, "missing_lines": [59, 61], "excluded_lines": [], "start_line": 48}, "_has_doxygen_in_chunk": {"executed_lines": [70, 71], "summary": {"covered_lines": 2, "num_statements": 2, "percent_covered": 100.0, "percent_covered_display": "100", "missing_lines": 0, "excluded_lines": 0, "percent_statements_covered": 100.0, "percent_statements_covered_display": "100"}, "missing_lines": [], "excluded_lines": [], "start_line": 68}, "chunk_file": {"executed_lines": [98, 99, 102, 103, 108, 112, 113, 118, 120, 121, 124, 125, 126, 129, 132, 133, 134, 137, 138, 141, 142, 145, 148, 160, 163, 165, 166], "summary": {"covered_lines": 27, "num_statements": 34, "percent_covered": 79.41176470588235, "percent_covered_display": "79", "missing_lines": 7, "excluded_lines": 0, "percent_statements_covered": 79.41176470588235, "percent_statements_covered_display": "79"}, "missing_lines": [104, 105, 106, 109, 114, 116, 130], "excluded_lines": [], "start_line": 74}, "chunk_corpus": {"executed_lines": [188, 190, 193, 196, 197, 203, 204, 205, 206, 207, 209, 210, 211, 212, 220, 225, 229], "summary": {"covered_lines": 17, "num_statements": 20, "percent_covered": 85.0, "percent_covered_display": "85", "missing_lines": 3, "excluded_lines": 0, "percent_statements_covered": 85.0, "percent_statements_covered_display": "85"}, "missing_lines": [221, 222, 223], "excluded_lines": [], "start_line": 169}, "": {"executed_lines": [2, 3, 4, 5, 7, 8, 10, 13, 16, 31, 48, 68, 74, 169], "summary": {"covered_lines": 14, "num_statements": 14, "percent_covered": 100.0, "percent_covered_display": "100", "missing_lines": 0, "excluded_lines": 0, "percent_statements_covered": 100.0, "percent_statements_covered_display": "100"}, "missing_lines": [], "excluded_lines": [], "start_line": 1}}, "classes": {"": {"executed_lines": [2, 3, 4, 5, 7, 8, 10, 13, 16, 18, 19, 28, 31, 33, 34, 37, 38, 41, 42, 45, 48, 57, 58, 64, 65, 68, 70, 71, 74, 98, 99, 102, 103, 108, 112, 113, 118, 120, 121, 124, 125, 126, 129, 132, 133, 134, 137, 138, 141, 142, 145, 148, 160, 163, 165, 166, 169, 188, 190, 193, 196, 197, 203, 204, 205, 206, 207, 209, 210, 211, 212, 220, 225, 229], "summary": {"covered_lines": 74, "num_statements": 86, "percent_covered": 86.04651162790698, "percent_covered_display": "86", "missing_lines": 12, "excluded_lines": 0, "percent_statements_covered": 86.04651162790698, "percent_statements_covered_display": "86"}, "missing_lines": [59, 61, 104, 105, 106, 109, 114, 116, 130, 221, 222, 223], "excluded_lines": [], "start_line": 1}}}, "src\\root_rag\\parser\\files.py": {"executed_lines": [2, 3, 4, 6, 9, 12, 25, 39, 41, 44, 46, 48, 49, 52, 53, 56, 58, 60], "summary": {"covered_lines": 18, "num_statements": 19, "percent_covered": 94.73684210526316, "percent_covered_display": "95", "missing_lines": 1, "excluded_lines": 0, "percent_statements_covered": 94.73684210526316, "percent_statements_covered_display": "95"}, "missing_lines": [42], "excluded_lines": [], "functions": {"discover_text_files": {"executed_lines": [39, 41, 44, 46, 48, 49, 52, 53, 56, 58, 60], "summary": {"covered_lines": 11, "num_statements": 12, "percent_covered": 91.66666666666667, "percent_covered_display": "92", "missing_lines": 1, "excluded_lines": 0, "percent_statements_covered": 91.66666666666667, "percent_statements_covered_display": "92"}, "missing_lines": [42], "excluded_lines": [], "start_line": 25}, "": {"executed_lines": [2, 3, 4, 6, 9, 12, 25], "summary": {"covered_lines": 7, "num_statements": 7, "percent_covered": 100.0, "percent_covered_display": "100", "missing_lines": 0, "excluded_lines": 0, "percent_statements_covered": 100.0, "percent_statements_covered_display": "100"}, "missing_lines": [], "excluded_lines": [], "start_line": 1}}, "classes": {"": {"executed_lines": [2, 3, 4, 6, 9, 12, 25, 39, 41, 44, 46, 48, 49, 52, 53, 56, 58, 60], "summary": {"covered_lines": 18, "num_statements": 19, "percent_covered": 94.73684210526316, "percent_covered_display": "95", "missing_lines": 1, "excluded_lines": 0, "percent_statements_covered": 94.73684210526316, "percent_statements_covered_display": "95"}, "missing_lines": [42], "excluded_lines": [], "start_line": 1}}}, "src\\root_rag\\parser\\seed_filter.py": {"executed_lines": [6, 7, 8, 9, 11, 14, 23, 24, 25, 28, 38, 39, 41, 43, 44, 45, 48, 49, 50, 51, 52, 57, 58, 59, 60, 61, 65, 66, 69, 83, 85, 86, 87, 88, 90, 94], "summary": {"covered_lines": 36, "num_statements": 38, "percent_covered": 94.73684210526316, "percent_covered_display": "95", "missing_lines": 2, "excluded_lines": 0, "percent_statements_covered": 94.73684210526316, "percent_statements_covered_display": "95"}, "missing_lines": [54, 63], "excluded_lines": [], "functions": {"load_seed_corpus_config": {"executed_lines": [23, 24, 25], "summary": {"covered_lines": 3, "num_statements": 3, "percent_covered": 100.0, "percent_covered_display": "100", "missing_lines": 0, "excluded_lines": 0, "percent_statements_covered": 100.0, "percent_statements_covered_display": "100"}, "missing_lines": [], "excluded_lines": [], "start_line": 14}, "get_seed_corpus_paths": {"executed_lines": [38, 39, 41, 43, 44, 45, 48, 49, 50, 51, 52, 57, 58, 59, 60, 61, 65, 66], "summary": {"covered_lines": 18, "num_statements": 20, "percent_covered": 90.0, "percent_covered_display": "90", "missing_lines": 2, "excluded_lines": 0, "percent_statements_covered": 90.0, "percent_statements_covered_display": "90"}, "missing_lines": [54, 63], "excluded_lines": [], "start_line": 28}, "filter_files_by_seed_corpus": {"executed_lines": [83, 85, 86, 87, 88, 90, 94], "summary": {"covered_lines": 7, "num_statements": 7, "percent_covered": 100.0, "percent_covered_display": "100", "missing_lines": 0, "excluded_lines": 0, "percent_statements_covered": 100.0, "percent_statements_covered_display": "100"}, "missing_lines": [], "excluded_lines": [], "start_line": 69}, "": {"executed_lines": [6, 7, 8, 9, 11, 14, 28, 69], "summary": {"covered_lines": 8, "num_statements": 8, "percent_covered": 100.0, "percent_covered_display": "100", "missing_lines": 0, "excluded_lines": 0, "percent_statements_covered": 100.0, "percent_statements_covered_display": "100"}, "missing_lines": [], "excluded_lines": [], "start_line": 1}}, "classes": {"": {"executed_lines": [6, 7, 8, 9, 11, 14, 23, 24, 25, 28, 38, 39, 41, 43, 44, 45, 48, 49, 50, 51, 52, 57, 58, 59, 60, 61, 65, 66, 69, 83, 85, 86, 87, 88, 90, 94], "summary": {"covered_lines": 36, "num_statements": 38, "percent_covered": 94.73684210526316, "percent_covered_display": "95", "missing_lines": 2, "excluded_lines": 0, "percent_statements_covered": 94.73684210526316, "percent_statements_covered_display": "95"}, "missing_lines": [54, 63], "excluded_lines": [], "start_line": 1}}}, "src\\root_rag\\retrieval\\__init__.py": {"executed_lines": [3, 4, 5, 6, 7, 13], "summary": {"covered_lines": 6, "num_statements": 6, "percent_covered": 100.0, "percent_covered_display": "100", "missing_lines": 0, "excluded_lines": 0, "percent_statements_covered": 100.0, "percent_statements_covered_display": "100"}, "missing_lines": [], "excluded_lines": [], "functions": {"": {"executed_lines": [3, 4, 5, 6, 7, 13], "summary": {"covered_lines": 6, "num_statements": 6, "percent_covered": 100.0, "percent_covered_display": "100", "missing_lines": 0, "excluded_lines": 0, "percent_statements_covered": 100.0, "percent_statements_covered_display": "100"}, "missing_lines": [], "excluded_lines": [], "start_line": 1}}, "classes": {"": {"executed_lines": [3, 4, 5, 6, 7, 13], "summary": {"covered_lines": 6, "num_statements": 6, "percent_covered": 100.0, "percent_covered_display": "100", "missing_lines": 0, "excluded_lines": 0, "percent_statements_covered": 100.0, "percent_statements_covered_display": "100"}, "missing_lines": [], "excluded_lines": [], "start_line": 1}}}, "src\\root_rag\\retrieval\\backends.py": {"executed_lines": [3, 5, 6, 7, 8, 9, 10, 11, 12, 13, 15, 16, 18, 19, 22, 24, 25, 27, 28, 30, 31, 32, 35, 39, 40, 42, 44, 46, 49, 50, 53, 54, 55, 58, 59, 60, 61, 62, 63, 65, 66, 67, 68, 69, 72, 73, 76, 77, 80, 81, 82, 83, 87, 88, 91, 92, 94, 95, 96, 97, 99, 100, 104, 105, 106, 107, 109, 110, 131, 132, 133, 148, 149, 155, 156, 157, 158, 165, 166, 169, 170, 171, 172, 173, 174, 175, 176, 177, 178, 179, 180, 182, 183, 184, 189, 190, 191, 192, 193, 194, 195, 196, 197, 199, 200, 202, 203, 204, 206, 208, 209, 210, 211, 213, 214, 217, 218, 219, 220, 221, 222, 223, 224, 226, 227, 228, 230, 231, 233, 234, 236, 237, 238, 239, 240, 241, 242, 243, 257, 259, 260, 267, 271, 274, 275, 281, 282, 283, 284, 285, 286, 287, 288, 289, 291, 292, 293, 296, 297, 298, 303, 304, 305, 306, 307, 308, 309, 311, 312, 314, 315, 316, 319, 320, 323, 324, 327, 328, 329, 330, 331, 333, 334, 336, 337, 338, 339, 340, 341, 342, 343, 357, 359, 360, 367, 371, 374, 385, 387, 388, 390, 392, 393, 395, 402, 403, 405], "summary": {"covered_lines": 207, "num_statements": 234, "percent_covered": 88.46153846153847, "percent_covered_display": "88", "missing_lines": 27, "excluded_lines": 0, "percent_statements_covered": 88.46153846153847, "percent_statements_covered_display": "88"}, "missing_lines": [33, 36, 37, 45, 84, 101, 102, 151, 152, 153, 205, 215, 225, 268, 269, 270, 294, 317, 321, 325, 368, 369, 370, 389, 394, 404, 411], "excluded_lines": [], "functions": {"_sanitize_fts_query": {"executed_lines": [24, 25, 27, 28, 30, 31, 32, 35, 39, 40, 42, 44, 46], "summary": {"covered_lines": 13, "num_statements": 17, "percent_covered": 76.47058823529412, "percent_covered_display": "76", "missing_lines": 4, "excluded_lines": 0, "percent_statements_covered": 76.47058823529412, "percent_statements_covered_display": "76"}, "missing_lines": [33, 36, 37, 45], "excluded_lines": [], "start_line": 22}, "_tokenize": {"executed_lines": [50], "summary": {"covered_lines": 1, "num_statements": 1, "percent_covered": 100.0, "percent_covered_display": "100", "missing_lines": 0, "excluded_lines": 0, "percent_statements_covered": 100.0, "percent_statements_covered_display": "100"}, "missing_lines": [], "excluded_lines": [], "start_line": 49}, "_stable_u64": {"executed_lines": [54, 55], "summary": {"covered_lines": 2, "num_statements": 2, "percent_covered": 100.0, "percent_covered_display": "100", "missing_lines": 0, "excluded_lines": 0, "percent_statements_covered": 100.0, "percent_statements_covered_display": "100"}, "missing_lines": [], "excluded_lines": [], "start_line": 53}, "_build_hashed_dense_vector": {"executed_lines": [59, 60, 61, 62, 63, 65, 66, 67, 68, 69], "summary": {"covered_lines": 10, "num_statements": 10, "percent_covered": 100.0, "percent_covered_display": "100", "missing_lines": 0, "excluded_lines": 0, "percent_statements_covered": 100.0, "percent_statements_covered_display": "100"}, "missing_lines": [], "excluded_lines": [], "start_line": 58}, "_dot_product": {"executed_lines": [73], "summary": {"covered_lines": 1, "num_statements": 1, "percent_covered": 100.0, "percent_covered_display": "100", "missing_lines": 0, "excluded_lines": 0, "percent_statements_covered": 100.0, "percent_statements_covered_display": "100"}, "missing_lines": [], "excluded_lines": [], "start_line": 72}, "_nonzero_count": {"executed_lines": [77], "summary": {"covered_lines": 1, "num_statements": 1, "percent_covered": 100.0, "percent_covered_display": "100", "missing_lines": 0, "excluded_lines": 0, "percent_statements_covered": 100.0, "percent_statements_covered_display": "100"}, "missing_lines": [], "excluded_lines": [], "start_line": 76}, "_infer_language_from_path": {"executed_lines": [81, 82, 83], "summary": {"covered_lines": 3, "num_statements": 4, "percent_covered": 75.0, "percent_covered_display": "75", "missing_lines": 1, "excluded_lines": 0, "percent_statements_covered": 75.0, "percent_statements_covered_display": "75"}, "missing_lines": [84], "excluded_lines": [], "start_line": 80}, "FTS5LexicalBackend.search": {"executed_lines": [95, 96, 97, 99, 100, 104, 105, 106, 107, 109, 110, 131, 132, 133, 148, 149], "summary": {"covered_lines": 16, "num_statements": 21, "percent_covered": 76.19047619047619, "percent_covered_display": "76", "missing_lines": 5, "excluded_lines": 0, "percent_statements_covered": 76.19047619047619, "percent_statements_covered_display": "76"}, "missing_lines": [101, 102, 151, 152, 153], "excluded_lines": [], "start_line": 94}, "FTS5LexicalBackend.operational_metrics": {"executed_lines": [156, 157, 158], "summary": {"covered_lines": 3, "num_statements": 3, "percent_covered": 100.0, "percent_covered_display": "100", "missing_lines": 0, "excluded_lines": 0, "percent_statements_covered": 100.0, "percent_statements_covered_display": "100"}, "missing_lines": [], "excluded_lines": [], "start_line": 155}, "InMemoryBM25LexicalBackend.__post_init__": {"executed_lines": [183, 184, 189, 190, 191, 192, 193, 194, 195, 196, 197, 199, 200], "summary": {"covered_lines": 13, "num_statements": 13, "percent_covered": 100.0, "percent_covered_display": "100", "missing_lines": 0, "excluded_lines": 0, "percent_statements_covered": 100.0, "percent_statements_covered_display": "100"}, "missing_lines": [], "excluded_lines": [], "start_line": 182}, "InMemoryBM25LexicalBackend._idf": {"executed_lines": [203, 204, 206], "summary": {"covered_lines": 3, "num_statements": 4, "percent_covered": 75.0, "percent_covered_display": "75", "missing_lines": 1, "excluded_lines": 0, "percent_statements_covered": 75.0, "percent_statements_covered_display": "75"}, "missing_lines": [205], "excluded_lines": [], "start_line": 202}, "InMemoryBM25LexicalBackend.search": {"executed_lines": [209, 210, 211, 213, 214, 217, 218, 219, 220, 221, 222, 223, 224, 226, 227, 228, 230, 231, 233, 234, 236, 237, 238, 239, 240, 241, 242, 243, 257], "summary": {"covered_lines": 29, "num_statements": 31, "percent_covered": 93.54838709677419, "percent_covered_display": "94", "missing_lines": 2, "excluded_lines": 0, "percent_statements_covered": 93.54838709677419, "percent_statements_covered_display": "94"}, "missing_lines": [215, 225], "excluded_lines": [], "start_line": 208}, "InMemoryBM25LexicalBackend.operational_metrics": {"executed_lines": [260, 267, 271], "summary": {"covered_lines": 3, "num_statements": 6, "percent_covered": 50.0, "percent_covered_display": "50", "missing_lines": 3, "excluded_lines": 0, "percent_statements_covered": 50.0, "percent_statements_covered_display": "50"}, "missing_lines": [268, 269, 270], "excluded_lines": [], "start_line": 259}, "DenseHashMemoryBackend.__post_init__": {"executed_lines": [292, 293, 296, 297, 298, 303, 304, 305, 306, 307, 308, 309, 311, 312], "summary": {"covered_lines": 14, "num_statements": 15, "percent_covered": 93.33333333333333, "percent_covered_display": "93", "missing_lines": 1, "excluded_lines": 0, "percent_statements_covered": 93.33333333333333, "percent_statements_covered_display": "93"}, "missing_lines": [294], "excluded_lines": [], "start_line": 291}, "DenseHashMemoryBackend.search": {"executed_lines": [315, 316, 319, 320, 323, 324, 327, 328, 329, 330, 331, 333, 334, 336, 337, 338, 339, 340, 341, 342, 343, 357], "summary": {"covered_lines": 22, "num_statements": 25, "percent_covered": 88.0, "percent_covered_display": "88", "missing_lines": 3, "excluded_lines": 0, "percent_statements_covered": 88.0, "percent_statements_covered_display": "88"}, "missing_lines": [317, 321, 325], "excluded_lines": [], "start_line": 314}, "DenseHashMemoryBackend.operational_metrics": {"executed_lines": [360, 367, 371], "summary": {"covered_lines": 3, "num_statements": 6, "percent_covered": 50.0, "percent_covered_display": "50", "missing_lines": 3, "excluded_lines": 0, "percent_statements_covered": 50.0, "percent_statements_covered_display": "50"}, "missing_lines": [368, 369, 370], "excluded_lines": [], "start_line": 359}, "build_retrieval_backend": {"executed_lines": [385, 387, 388, 390, 392, 393, 395, 402, 403, 405], "summary": {"covered_lines": 10, "num_statements": 14, "percent_covered": 71.42857142857143, "percent_covered_display": "71", "missing_lines": 4, "excluded_lines": 0, "percent_statements_covered": 71.42857142857143, "percent_statements_covered_display": "71"}, "missing_lines": [389, 394, 404, 411], "excluded_lines": [], "start_line": 374}, "": {"executed_lines": [3, 5, 6, 7, 8, 9, 10, 11, 12, 13, 15, 16, 18, 19, 22, 49, 53, 58, 72, 76, 80, 87, 88, 91, 92, 94, 155, 165, 166, 169, 170, 171, 172, 173, 174, 175, 176, 177, 178, 179, 180, 182, 202, 208, 259, 274, 275, 281, 282, 283, 284, 285, 286, 287, 288, 289, 291, 314, 359, 374], "summary": {"covered_lines": 60, "num_statements": 60, "percent_covered": 100.0, "percent_covered_display": "100", "missing_lines": 0, "excluded_lines": 0, "percent_statements_covered": 100.0, "percent_statements_covered_display": "100"}, "missing_lines": [], "excluded_lines": [], "start_line": 1}}, "classes": {"FTS5LexicalBackend": {"executed_lines": [95, 96, 97, 99, 100, 104, 105, 106, 107, 109, 110, 131, 132, 133, 148, 149, 156, 157, 158], "summary": {"covered_lines": 19, "num_statements": 24, "percent_covered": 79.16666666666667, "percent_covered_display": "79", "missing_lines": 5, "excluded_lines": 0, "percent_statements_covered": 79.16666666666667, "percent_statements_covered_display": "79"}, "missing_lines": [101, 102, 151, 152, 153], "excluded_lines": [], "start_line": 88}, "InMemoryBM25LexicalBackend": {"executed_lines": [183, 184, 189, 190, 191, 192, 193, 194, 195, 196, 197, 199, 200, 203, 204, 206, 209, 210, 211, 213, 214, 217, 218, 219, 220, 221, 222, 223, 224, 226, 227, 228, 230, 231, 233, 234, 236, 237, 238, 239, 240, 241, 242, 243, 257, 260, 267, 271], "summary": {"covered_lines": 48, "num_statements": 54, "percent_covered": 88.88888888888889, "percent_covered_display": "89", "missing_lines": 6, "excluded_lines": 0, "percent_statements_covered": 88.88888888888889, "percent_statements_covered_display": "89"}, "missing_lines": [205, 215, 225, 268, 269, 270], "excluded_lines": [], "start_line": 166}, "DenseHashMemoryBackend": {"executed_lines": [292, 293, 296, 297, 298, 303, 304, 305, 306, 307, 308, 309, 311, 312, 315, 316, 319, 320, 323, 324, 327, 328, 329, 330, 331, 333, 334, 336, 337, 338, 339, 340, 341, 342, 343, 357, 360, 367, 371], "summary": {"covered_lines": 39, "num_statements": 46, "percent_covered": 84.78260869565217, "percent_covered_display": "85", "missing_lines": 7, "excluded_lines": 0, "percent_statements_covered": 84.78260869565217, "percent_statements_covered_display": "85"}, "missing_lines": [294, 317, 321, 325, 368, 369, 370], "excluded_lines": [], "start_line": 275}, "": {"executed_lines": [3, 5, 6, 7, 8, 9, 10, 11, 12, 13, 15, 16, 18, 19, 22, 24, 25, 27, 28, 30, 31, 32, 35, 39, 40, 42, 44, 46, 49, 50, 53, 54, 55, 58, 59, 60, 61, 62, 63, 65, 66, 67, 68, 69, 72, 73, 76, 77, 80, 81, 82, 83, 87, 88, 91, 92, 94, 155, 165, 166, 169, 170, 171, 172, 173, 174, 175, 176, 177, 178, 179, 180, 182, 202, 208, 259, 274, 275, 281, 282, 283, 284, 285, 286, 287, 288, 289, 291, 314, 359, 374, 385, 387, 388, 390, 392, 393, 395, 402, 403, 405], "summary": {"covered_lines": 101, "num_statements": 110, "percent_covered": 91.81818181818181, "percent_covered_display": "92", "missing_lines": 9, "excluded_lines": 0, "percent_statements_covered": 91.81818181818181, "percent_statements_covered_display": "92"}, "missing_lines": [33, 36, 37, 45, 84, 389, 394, 404, 411], "excluded_lines": [], "start_line": 1}}}, "src\\root_rag\\retrieval\\cross_index.py": {"executed_lines": [9, 10, 11, 12, 14, 15, 16, 18, 21, 22, 24, 25, 26, 27, 28, 31, 34, 40, 41, 42, 44, 46, 47, 48, 56, 57, 58, 60, 64, 70, 78, 96, 97, 100, 102, 103, 104, 112, 113, 114, 116, 117, 123, 125, 130, 132, 138, 139, 140, 141, 149, 152, 169, 171, 172, 179, 180, 187, 188, 195], "summary": {"covered_lines": 60, "num_statements": 66, "percent_covered": 90.9090909090909, "percent_covered_display": "91", "missing_lines": 6, "excluded_lines": 0, "percent_statements_covered": 90.9090909090909, "percent_statements_covered_display": "91"}, "missing_lines": [61, 62, 75, 76, 119, 120], "excluded_lines": [], "functions": {"CrossIndexSearch.__init__": {"executed_lines": [40, 41, 42], "summary": {"covered_lines": 3, "num_statements": 3, "percent_covered": 100.0, "percent_covered_display": "100", "missing_lines": 0, "excluded_lines": 0, "percent_statements_covered": 100.0, "percent_statements_covered_display": "100"}, "missing_lines": [], "excluded_lines": [], "start_line": 34}, "CrossIndexSearch._resolve_all_indices": {"executed_lines": [46, 47, 48, 56, 57, 58, 60, 64, 70], "summary": {"covered_lines": 9, "num_statements": 13, "percent_covered": 69.23076923076923, "percent_covered_display": "69", "missing_lines": 4, "excluded_lines": 0, "percent_statements_covered": 69.23076923076923, "percent_statements_covered_display": "69"}, "missing_lines": [61, 62, 75, 76], "excluded_lines": [], "start_line": 44}, "CrossIndexSearch.search": {"executed_lines": [96, 97, 100, 102, 103, 104, 112, 113, 114, 116, 117, 123, 125, 130], "summary": {"covered_lines": 14, "num_statements": 16, "percent_covered": 87.5, "percent_covered_display": "88", "missing_lines": 2, "excluded_lines": 0, "percent_statements_covered": 87.5, "percent_statements_covered_display": "88"}, "missing_lines": [119, 120], "excluded_lines": [], "start_line": 78}, "CrossIndexSearch.get_index_stats": {"executed_lines": [138, 139, 140, 141, 149], "summary": {"covered_lines": 5, "num_statements": 5, "percent_covered": 100.0, "percent_covered_display": "100", "missing_lines": 0, "excluded_lines": 0, "percent_statements_covered": 100.0, "percent_statements_covered_display": "100"}, "missing_lines": [], "excluded_lines": [], "start_line": 132}, "create_standard_search": {"executed_lines": [169, 171, 172, 179, 180, 187, 188, 195], "summary": {"covered_lines": 8, "num_statements": 8, "percent_covered": 100.0, "percent_covered_display": "100", "missing_lines": 0, "excluded_lines": 0, "percent_statements_covered": 100.0, "percent_statements_covered_display": "100"}, "missing_lines": [], "excluded_lines": [], "start_line": 152}, "": {"executed_lines": [9, 10, 11, 12, 14, 15, 16, 18, 21, 22, 24, 25, 26, 27, 28, 31, 34, 44, 78, 132, 152], "summary": {"covered_lines": 21, "num_statements": 21, "percent_covered": 100.0, "percent_covered_display": "100", "missing_lines": 0, "excluded_lines": 0, "percent_statements_covered": 100.0, "percent_statements_covered_display": "100"}, "missing_lines": [], "excluded_lines": [], "start_line": 1}}, "classes": {"IndexSource": {"executed_lines": [], "summary": {"covered_lines": 0, "num_statements": 0, "percent_covered": 100.0, "percent_covered_display": "100", "missing_lines": 0, "excluded_lines": 0, "percent_statements_covered": 100.0, "percent_statements_covered_display": "100"}, "missing_lines": [], "excluded_lines": [], "start_line": 22}, "CrossIndexSearch": {"executed_lines": [40, 41, 42, 46, 47, 48, 56, 57, 58, 60, 64, 70, 96, 97, 100, 102, 103, 104, 112, 113, 114, 116, 117, 123, 125, 130, 138, 139, 140, 141, 149], "summary": {"covered_lines": 31, "num_statements": 37, "percent_covered": 83.78378378378379, "percent_covered_display": "84", "missing_lines": 6, "excluded_lines": 0, "percent_statements_covered": 83.78378378378379, "percent_statements_covered_display": "84"}, "missing_lines": [61, 62, 75, 76, 119, 120], "excluded_lines": [], "start_line": 31}, "": {"executed_lines": [9, 10, 11, 12, 14, 15, 16, 18, 21, 22, 24, 25, 26, 27, 28, 31, 34, 44, 78, 132, 152, 169, 171, 172, 179, 180, 187, 188, 195], "summary": {"covered_lines": 29, "num_statements": 29, "percent_covered": 100.0, "percent_covered_display": "100", "missing_lines": 0, "excluded_lines": 0, "percent_statements_covered": 100.0, "percent_statements_covered_display": "100"}, "missing_lines": [], "excluded_lines": [], "start_line": 1}}}, "src\\root_rag\\retrieval\\interfaces.py": {"executed_lines": [3, 5, 6, 7, 9, 11, 12, 15, 18, 22, 32, 34, 37, 41, 44, 46, 47, 50, 51, 53, 54, 57, 59, 60, 62, 63, 64, 66, 67, 68, 69, 71, 72, 74], "summary": {"covered_lines": 34, "num_statements": 39, "percent_covered": 87.17948717948718, "percent_covered_display": "87", "missing_lines": 5, "excluded_lines": 0, "percent_statements_covered": 87.17948717948718, "percent_statements_covered_display": "87"}, "missing_lines": [55, 56, 65, 70, 76], "excluded_lines": [], "functions": {"QueryTransformer.transform": {"executed_lines": [], "summary": {"covered_lines": 0, "num_statements": 0, "percent_covered": 100.0, "percent_covered_display": "100", "missing_lines": 0, "excluded_lines": 0, "percent_statements_covered": 100.0, "percent_statements_covered_display": "100"}, "missing_lines": [], "excluded_lines": [], "start_line": 18}, "RetrievalBackend.search": {"executed_lines": [], "summary": {"covered_lines": 0, "num_statements": 0, "percent_covered": 100.0, "percent_covered_display": "100", "missing_lines": 0, "excluded_lines": 0, "percent_statements_covered": 100.0, "percent_statements_covered_display": "100"}, "missing_lines": [], "excluded_lines": [], "start_line": 34}, "RetrievalBackend.operational_metrics": {"executed_lines": [], "summary": {"covered_lines": 0, "num_statements": 0, "percent_covered": 100.0, "percent_covered_display": "100", "missing_lines": 0, "excluded_lines": 0, "percent_statements_covered": 100.0, "percent_statements_covered_display": "100"}, "missing_lines": [], "excluded_lines": [], "start_line": 37}, "BaseRetrievalBackend.search": {"executed_lines": [], "summary": {"covered_lines": 0, "num_statements": 0, "percent_covered": 100.0, "percent_covered_display": "100", "missing_lines": 0, "excluded_lines": 0, "percent_statements_covered": 100.0, "percent_statements_covered_display": "100"}, "missing_lines": [], "excluded_lines": [], "start_line": 47}, "BaseRetrievalBackend.normalize_top_k": {"executed_lines": [53, 54, 57], "summary": {"covered_lines": 3, "num_statements": 5, "percent_covered": 60.0, "percent_covered_display": "60", "missing_lines": 2, "excluded_lines": 0, "percent_statements_covered": 60.0, "percent_statements_covered_display": "60"}, "missing_lines": [55, 56], "excluded_lines": [], "start_line": 51}, "BaseRetrievalBackend.normalize_operational_metrics": {"executed_lines": [62, 63, 64, 66, 67, 68, 69, 71, 72], "summary": {"covered_lines": 9, "num_statements": 11, "percent_covered": 81.81818181818181, "percent_covered_display": "82", "missing_lines": 2, "excluded_lines": 0, "percent_statements_covered": 81.81818181818181, "percent_statements_covered_display": "82"}, "missing_lines": [65, 70], "excluded_lines": [], "start_line": 60}, "BaseRetrievalBackend.operational_metrics": {"executed_lines": [], "summary": {"covered_lines": 0, "num_statements": 1, "percent_covered": 0.0, "percent_covered_display": "0", "missing_lines": 1, "excluded_lines": 0, "percent_statements_covered": 0.0, "percent_statements_covered_display": "0"}, "missing_lines": [76], "excluded_lines": [], "start_line": 74}, "": {"executed_lines": [3, 5, 6, 7, 9, 11, 12, 15, 18, 22, 32, 34, 37, 41, 44, 46, 47, 50, 51, 59, 60, 74], "summary": {"covered_lines": 22, "num_statements": 22, "percent_covered": 100.0, "percent_covered_display": "100", "missing_lines": 0, "excluded_lines": 0, "percent_statements_covered": 100.0, "percent_statements_covered_display": "100"}, "missing_lines": [], "excluded_lines": [], "start_line": 1}}, "classes": {"QueryTransformer": {"executed_lines": [], "summary": {"covered_lines": 0, "num_statements": 0, "percent_covered": 100.0, "percent_covered_display": "100", "missing_lines": 0, "excluded_lines": 0, "percent_statements_covered": 100.0, "percent_statements_covered_display": "100"}, "missing_lines": [], "excluded_lines": [], "start_line": 15}, "RetrievalBackend": {"executed_lines": [], "summary": {"covered_lines": 0, "num_statements": 0, "percent_covered": 100.0, "percent_covered_display": "100", "missing_lines": 0, "excluded_lines": 0, "percent_statements_covered": 100.0, "percent_statements_covered_display": "100"}, "missing_lines": [], "excluded_lines": [], "start_line": 22}, "BaseRetrievalBackend": {"executed_lines": [53, 54, 57, 62, 63, 64, 66, 67, 68, 69, 71, 72], "summary": {"covered_lines": 12, "num_statements": 17, "percent_covered": 70.58823529411765, "percent_covered_display": "71", "missing_lines": 5, "excluded_lines": 0, "percent_statements_covered": 70.58823529411765, "percent_statements_covered_display": "71"}, "missing_lines": [55, 56, 65, 70, 76], "excluded_lines": [], "start_line": 41}, "": {"executed_lines": [3, 5, 6, 7, 9, 11, 12, 15, 18, 22, 32, 34, 37, 41, 44, 46, 47, 50, 51, 59, 60, 74], "summary": {"covered_lines": 22, "num_statements": 22, "percent_covered": 100.0, "percent_covered_display": "100", "missing_lines": 0, "excluded_lines": 0, "percent_statements_covered": 100.0, "percent_statements_covered_display": "100"}, "missing_lines": [], "excluded_lines": [], "start_line": 1}}}, "src\\root_rag\\retrieval\\lexical.py": {"executed_lines": [2, 3, 5, 6, 7, 8, 11, 24, 31], "summary": {"covered_lines": 9, "num_statements": 9, "percent_covered": 100.0, "percent_covered_display": "100", "missing_lines": 0, "excluded_lines": 0, "percent_statements_covered": 100.0, "percent_statements_covered_display": "100"}, "missing_lines": [], "excluded_lines": [], "functions": {"lexical_search": {"executed_lines": [24, 31], "summary": {"covered_lines": 2, "num_statements": 2, "percent_covered": 100.0, "percent_covered_display": "100", "missing_lines": 0, "excluded_lines": 0, "percent_statements_covered": 100.0, "percent_statements_covered_display": "100"}, "missing_lines": [], "excluded_lines": [], "start_line": 11}, "": {"executed_lines": [2, 3, 5, 6, 7, 8, 11], "summary": {"covered_lines": 7, "num_statements": 7, "percent_covered": 100.0, "percent_covered_display": "100", "missing_lines": 0, "excluded_lines": 0, "percent_statements_covered": 100.0, "percent_statements_covered_display": "100"}, "missing_lines": [], "excluded_lines": [], "start_line": 1}}, "classes": {"": {"executed_lines": [2, 3, 5, 6, 7, 8, 11, 24, 31], "summary": {"covered_lines": 9, "num_statements": 9, "percent_covered": 100.0, "percent_covered_display": "100", "missing_lines": 0, "excluded_lines": 0, "percent_statements_covered": 100.0, "percent_statements_covered_display": "100"}, "missing_lines": [], "excluded_lines": [], "start_line": 1}}}, "src\\root_rag\\retrieval\\models.py": {"executed_lines": [2, 3, 6, 7, 10, 11, 12, 13, 14, 15, 16, 17, 18, 19], "summary": {"covered_lines": 14, "num_statements": 14, "percent_covered": 100.0, "percent_covered_display": "100", "missing_lines": 0, "excluded_lines": 0, "percent_statements_covered": 100.0, "percent_statements_covered_display": "100"}, "missing_lines": [], "excluded_lines": [], "functions": {"": {"executed_lines": [2, 3, 6, 7, 10, 11, 12, 13, 14, 15, 16, 17, 18, 19], "summary": {"covered_lines": 14, "num_statements": 14, "percent_covered": 100.0, "percent_covered_display": "100", "missing_lines": 0, "excluded_lines": 0, "percent_statements_covered": 100.0, "percent_statements_covered_display": "100"}, "missing_lines": [], "excluded_lines": [], "start_line": 1}}, "classes": {"EvidenceCandidate": {"executed_lines": [], "summary": {"covered_lines": 0, "num_statements": 0, "percent_covered": 100.0, "percent_covered_display": "100", "missing_lines": 0, "excluded_lines": 0, "percent_statements_covered": 100.0, "percent_statements_covered_display": "100"}, "missing_lines": [], "excluded_lines": [], "start_line": 7}, "": {"executed_lines": [2, 3, 6, 7, 10, 11, 12, 13, 14, 15, 16, 17, 18, 19], "summary": {"covered_lines": 14, "num_statements": 14, "percent_covered": 100.0, "percent_covered_display": "100", "missing_lines": 0, "excluded_lines": 0, "percent_statements_covered": 100.0, "percent_statements_covered_display": "100"}, "missing_lines": [], "excluded_lines": [], "start_line": 1}}}, "src\\root_rag\\retrieval\\pipeline.py": {"executed_lines": [3, 5, 6, 8, 9, 12, 13, 16, 17, 19, 20, 21, 22, 24, 25, 26, 27, 28], "summary": {"covered_lines": 18, "num_statements": 18, "percent_covered": 100.0, "percent_covered_display": "100", "missing_lines": 0, "excluded_lines": 0, "percent_statements_covered": 100.0, "percent_statements_covered_display": "100"}, "missing_lines": [], "excluded_lines": [], "functions": {"RetrievalPipeline.search": {"executed_lines": [20, 21, 22, 24, 25, 26, 27, 28], "summary": {"covered_lines": 8, "num_statements": 8, "percent_covered": 100.0, "percent_covered_display": "100", "missing_lines": 0, "excluded_lines": 0, "percent_statements_covered": 100.0, "percent_statements_covered_display": "100"}, "missing_lines": [], "excluded_lines": [], "start_line": 19}, "": {"executed_lines": [3, 5, 6, 8, 9, 12, 13, 16, 17, 19], "summary": {"covered_lines": 10, "num_statements": 10, "percent_covered": 100.0, "percent_covered_display": "100", "missing_lines": 0, "excluded_lines": 0, "percent_statements_covered": 100.0, "percent_statements_covered_display": "100"}, "missing_lines": [], "excluded_lines": [], "start_line": 1}}, "classes": {"RetrievalPipeline": {"executed_lines": [20, 21, 22, 24, 25, 26, 27, 28], "summary": {"covered_lines": 8, "num_statements": 8, "percent_covered": 100.0, "percent_covered_display": "100", "missing_lines": 0, "excluded_lines": 0, "percent_statements_covered": 100.0, "percent_statements_covered_display": "100"}, "missing_lines": [], "excluded_lines": [], "start_line": 13}, "": {"executed_lines": [3, 5, 6, 8, 9, 12, 13, 16, 17, 19], "summary": {"covered_lines": 10, "num_statements": 10, "percent_covered": 100.0, "percent_covered_display": "100", "missing_lines": 0, "excluded_lines": 0, "percent_statements_covered": 100.0, "percent_statements_covered_display": "100"}, "missing_lines": [], "excluded_lines": [], "start_line": 1}}}, "src\\root_rag\\retrieval\\transformers.py": {"executed_lines": [3, 5, 6, 7, 9, 11, 14, 42, 55, 56, 59, 60, 63, 64, 67, 68, 71, 72, 76, 77, 78, 80, 81, 82, 83, 85, 87, 90, 91, 92, 93, 94, 95, 97, 99, 102, 104, 105, 106, 107, 108], "summary": {"covered_lines": 41, "num_statements": 42, "percent_covered": 97.61904761904762, "percent_covered_display": "98", "missing_lines": 1, "excluded_lines": 0, "percent_statements_covered": 97.61904761904762, "percent_statements_covered_display": "98"}, "missing_lines": [98], "excluded_lines": [], "functions": {"_tokenize": {"executed_lines": [56], "summary": {"covered_lines": 1, "num_statements": 1, "percent_covered": 100.0, "percent_covered_display": "100", "missing_lines": 0, "excluded_lines": 0, "percent_statements_covered": 100.0, "percent_statements_covered_display": "100"}, "missing_lines": [], "excluded_lines": [], "start_line": 55}, "IdentityQueryTransformer.transform": {"executed_lines": [64], "summary": {"covered_lines": 1, "num_statements": 1, "percent_covered": 100.0, "percent_covered_display": "100", "missing_lines": 0, "excluded_lines": 0, "percent_statements_covered": 100.0, "percent_statements_covered_display": "100"}, "missing_lines": [], "excluded_lines": [], "start_line": 63}, "RootLexicalQueryTransformer.transform": {"executed_lines": [77, 78, 80, 81, 82, 83, 85, 87, 90, 91, 92, 93, 94, 95, 97, 99], "summary": {"covered_lines": 16, "num_statements": 17, "percent_covered": 94.11764705882354, "percent_covered_display": "94", "missing_lines": 1, "excluded_lines": 0, "percent_statements_covered": 94.11764705882354, "percent_statements_covered_display": "94"}, "missing_lines": [98], "excluded_lines": [], "start_line": 76}, "build_query_transformer": {"executed_lines": [104, 105, 106, 107, 108], "summary": {"covered_lines": 5, "num_statements": 5, "percent_covered": 100.0, "percent_covered_display": "100", "missing_lines": 0, "excluded_lines": 0, "percent_statements_covered": 100.0, "percent_statements_covered_display": "100"}, "missing_lines": [], "excluded_lines": [], "start_line": 102}, "": {"executed_lines": [3, 5, 6, 7, 9, 11, 14, 42, 55, 59, 60, 63, 67, 68, 71, 72, 76, 102], "summary": {"covered_lines": 18, "num_statements": 18, "percent_covered": 100.0, "percent_covered_display": "100", "missing_lines": 0, "excluded_lines": 0, "percent_statements_covered": 100.0, "percent_statements_covered_display": "100"}, "missing_lines": [], "excluded_lines": [], "start_line": 1}}, "classes": {"IdentityQueryTransformer": {"executed_lines": [64], "summary": {"covered_lines": 1, "num_statements": 1, "percent_covered": 100.0, "percent_covered_display": "100", "missing_lines": 0, "excluded_lines": 0, "percent_statements_covered": 100.0, "percent_statements_covered_display": "100"}, "missing_lines": [], "excluded_lines": [], "start_line": 60}, "RootLexicalQueryTransformer": {"executed_lines": [77, 78, 80, 81, 82, 83, 85, 87, 90, 91, 92, 93, 94, 95, 97, 99], "summary": {"covered_lines": 16, "num_statements": 17, "percent_covered": 94.11764705882354, "percent_covered_display": "94", "missing_lines": 1, "excluded_lines": 0, "percent_statements_covered": 94.11764705882354, "percent_statements_covered_display": "94"}, "missing_lines": [98], "excluded_lines": [], "start_line": 68}, "": {"executed_lines": [3, 5, 6, 7, 9, 11, 14, 42, 55, 56, 59, 60, 63, 67, 68, 71, 72, 76, 102, 104, 105, 106, 107, 108], "summary": {"covered_lines": 24, "num_statements": 24, "percent_covered": 100.0, "percent_covered_display": "100", "missing_lines": 0, "excluded_lines": 0, "percent_statements_covered": 100.0, "percent_statements_covered_display": "100"}, "missing_lines": [], "excluded_lines": [], "start_line": 1}}}}, "totals": {"covered_lines": 1041, "num_statements": 1257, "percent_covered": 82.81622911694511, "percent_covered_display": "83", "missing_lines": 216, "excluded_lines": 0, "percent_statements_covered": 82.81622911694511, "percent_statements_covered_display": "83"}}